<?xml version="1.0" encoding="UTF-8"?>
<testsuite xmlns:xsi="http://www.w3.org/2001/XMLSchema-instance" xsi:noNamespaceSchemaLocation="https://maven.apache.org/surefire/maven-surefire-plugin/xsd/surefire-test-report-3.0.xsd" version="3.0" name="TestSuite" time="51.903" tests="10" errors="0" skipped="0" failures="0">
  <properties>
    <property name="java.specification.version" value="21"/>
    <property name="sun.cpu.isalist" value="amd64"/>
    <property name="sun.jnu.encoding" value="Cp1252"/>
    <property name="sun.awt.enableExtraMouseButtons" value="true"/>
    <property name="java.class.path" value="C:\Users\phani\eclipse-workspace\opencart\target\test-classes;C:\Users\phani\eclipse-workspace\opencart\target\classes;C:\Users\phani\.m2\repository\org\seleniumhq\selenium\selenium-java\4.18.1\selenium-java-4.18.1.jar;C:\Users\phani\.m2\repository\org\seleniumhq\selenium\selenium-api\4.18.1\selenium-api-4.18.1.jar;C:\Users\phani\.m2\repository\org\seleniumhq\selenium\selenium-chrome-driver\4.18.1\selenium-chrome-driver-4.18.1.jar;C:\Users\phani\.m2\repository\com\google\auto\service\auto-service-annotations\1.1.1\auto-service-annotations-1.1.1.jar;C:\Users\phani\.m2\repository\org\seleniumhq\selenium\selenium-chromium-driver\4.18.1\selenium-chromium-driver-4.18.1.jar;C:\Users\phani\.m2\repository\org\seleniumhq\selenium\selenium-json\4.18.1\selenium-json-4.18.1.jar;C:\Users\phani\.m2\repository\org\seleniumhq\selenium\selenium-manager\4.18.1\selenium-manager-4.18.1.jar;C:\Users\phani\.m2\repository\org\seleniumhq\selenium\selenium-devtools-v120\4.18.1\selenium-devtools-v120-4.18.1.jar;C:\Users\phani\.m2\repository\org\seleniumhq\selenium\selenium-devtools-v121\4.18.1\selenium-devtools-v121-4.18.1.jar;C:\Users\phani\.m2\repository\org\seleniumhq\selenium\selenium-devtools-v122\4.18.1\selenium-devtools-v122-4.18.1.jar;C:\Users\phani\.m2\repository\org\seleniumhq\selenium\selenium-devtools-v85\4.18.1\selenium-devtools-v85-4.18.1.jar;C:\Users\phani\.m2\repository\org\seleniumhq\selenium\selenium-edge-driver\4.18.1\selenium-edge-driver-4.18.1.jar;C:\Users\phani\.m2\repository\org\seleniumhq\selenium\selenium-firefox-driver\4.18.1\selenium-firefox-driver-4.18.1.jar;C:\Users\phani\.m2\repository\org\seleniumhq\selenium\selenium-http\4.18.1\selenium-http-4.18.1.jar;C:\Users\phani\.m2\repository\dev\failsafe\failsafe\3.3.2\failsafe-3.3.2.jar;C:\Users\phani\.m2\repository\org\seleniumhq\selenium\selenium-ie-driver\4.18.1\selenium-ie-driver-4.18.1.jar;C:\Users\phani\.m2\repository\org\seleniumhq\selenium\selenium-remote-driver\4.18.1\selenium-remote-driver-4.18.1.jar;C:\Users\phani\.m2\repository\com\google\guava\guava\33.0.0-jre\guava-33.0.0-jre.jar;C:\Users\phani\.m2\repository\com\google\guava\failureaccess\1.0.2\failureaccess-1.0.2.jar;C:\Users\phani\.m2\repository\com\google\guava\listenablefuture\9999.0-empty-to-avoid-conflict-with-guava\listenablefuture-9999.0-empty-to-avoid-conflict-with-guava.jar;C:\Users\phani\.m2\repository\com\google\code\findbugs\jsr305\3.0.2\jsr305-3.0.2.jar;C:\Users\phani\.m2\repository\org\checkerframework\checker-qual\3.41.0\checker-qual-3.41.0.jar;C:\Users\phani\.m2\repository\com\google\errorprone\error_prone_annotations\2.23.0\error_prone_annotations-2.23.0.jar;C:\Users\phani\.m2\repository\com\google\j2objc\j2objc-annotations\2.8\j2objc-annotations-2.8.jar;C:\Users\phani\.m2\repository\io\opentelemetry\semconv\opentelemetry-semconv\1.23.1-alpha\opentelemetry-semconv-1.23.1-alpha.jar;C:\Users\phani\.m2\repository\io\opentelemetry\opentelemetry-api\1.35.0\opentelemetry-api-1.35.0.jar;C:\Users\phani\.m2\repository\io\opentelemetry\opentelemetry-context\1.35.0\opentelemetry-context-1.35.0.jar;C:\Users\phani\.m2\repository\io\opentelemetry\opentelemetry-exporter-logging\1.35.0\opentelemetry-exporter-logging-1.35.0.jar;C:\Users\phani\.m2\repository\io\opentelemetry\opentelemetry-sdk-common\1.35.0\opentelemetry-sdk-common-1.35.0.jar;C:\Users\phani\.m2\repository\io\opentelemetry\opentelemetry-sdk-extension-autoconfigure-spi\1.35.0\opentelemetry-sdk-extension-autoconfigure-spi-1.35.0.jar;C:\Users\phani\.m2\repository\io\opentelemetry\opentelemetry-sdk-extension-autoconfigure\1.35.0\opentelemetry-sdk-extension-autoconfigure-1.35.0.jar;C:\Users\phani\.m2\repository\io\opentelemetry\opentelemetry-api-events\1.35.0-alpha\opentelemetry-api-events-1.35.0-alpha.jar;C:\Users\phani\.m2\repository\io\opentelemetry\opentelemetry-sdk-trace\1.35.0\opentelemetry-sdk-trace-1.35.0.jar;C:\Users\phani\.m2\repository\io\opentelemetry\opentelemetry-extension-incubator\1.35.0-alpha\opentelemetry-extension-incubator-1.35.0-alpha.jar;C:\Users\phani\.m2\repository\io\opentelemetry\opentelemetry-sdk\1.35.0\opentelemetry-sdk-1.35.0.jar;C:\Users\phani\.m2\repository\io\opentelemetry\opentelemetry-sdk-metrics\1.35.0\opentelemetry-sdk-metrics-1.35.0.jar;C:\Users\phani\.m2\repository\io\opentelemetry\opentelemetry-sdk-logs\1.35.0\opentelemetry-sdk-logs-1.35.0.jar;C:\Users\phani\.m2\repository\net\bytebuddy\byte-buddy\1.14.12\byte-buddy-1.14.12.jar;C:\Users\phani\.m2\repository\org\seleniumhq\selenium\selenium-os\4.18.1\selenium-os-4.18.1.jar;C:\Users\phani\.m2\repository\org\apache\commons\commons-exec\1.3\commons-exec-1.3.jar;C:\Users\phani\.m2\repository\org\seleniumhq\selenium\selenium-safari-driver\4.18.1\selenium-safari-driver-4.18.1.jar;C:\Users\phani\.m2\repository\org\seleniumhq\selenium\selenium-support\4.18.1\selenium-support-4.18.1.jar;C:\Users\phani\.m2\repository\io\github\bonigarcia\webdrivermanager\5.7.0\webdrivermanager-5.7.0.jar;C:\Users\phani\.m2\repository\org\slf4j\slf4j-api\2.0.12\slf4j-api-2.0.12.jar;C:\Users\phani\.m2\repository\com\google\code\gson\gson\2.10.1\gson-2.10.1.jar;C:\Users\phani\.m2\repository\com\github\docker-java\docker-java\3.3.5\docker-java-3.3.5.jar;C:\Users\phani\.m2\repository\com\github\docker-java\docker-java-core\3.3.5\docker-java-core-3.3.5.jar;C:\Users\phani\.m2\repository\com\github\docker-java\docker-java-api\3.3.5\docker-java-api-3.3.5.jar;C:\Users\phani\.m2\repository\com\fasterxml\jackson\core\jackson-annotations\2.10.3\jackson-annotations-2.10.3.jar;C:\Users\phani\.m2\repository\com\fasterxml\jackson\core\jackson-databind\2.10.3\jackson-databind-2.10.3.jar;C:\Users\phani\.m2\repository\com\fasterxml\jackson\core\jackson-core\2.10.3\jackson-core-2.10.3.jar;C:\Users\phani\.m2\repository\org\bouncycastle\bcpkix-jdk18on\1.76\bcpkix-jdk18on-1.76.jar;C:\Users\phani\.m2\repository\org\bouncycastle\bcprov-jdk18on\1.76\bcprov-jdk18on-1.76.jar;C:\Users\phani\.m2\repository\org\bouncycastle\bcutil-jdk18on\1.76\bcutil-jdk18on-1.76.jar;C:\Users\phani\.m2\repository\org\slf4j\jcl-over-slf4j\1.7.30\jcl-over-slf4j-1.7.30.jar;C:\Users\phani\.m2\repository\com\github\docker-java\docker-java-transport-httpclient5\3.3.5\docker-java-transport-httpclient5-3.3.5.jar;C:\Users\phani\.m2\repository\com\github\docker-java\docker-java-transport\3.3.5\docker-java-transport-3.3.5.jar;C:\Users\phani\.m2\repository\net\java\dev\jna\jna\5.13.0\jna-5.13.0.jar;C:\Users\phani\.m2\repository\org\brotli\dec\0.1.2\dec-0.1.2.jar;C:\Users\phani\.m2\repository\org\apache\commons\commons-lang3\3.14.0\commons-lang3-3.14.0.jar;C:\Users\phani\.m2\repository\org\apache\commons\commons-compress\1.26.0\commons-compress-1.26.0.jar;C:\Users\phani\.m2\repository\org\apache\httpcomponents\client5\httpclient5\5.2.1\httpclient5-5.2.1.jar;C:\Users\phani\.m2\repository\org\apache\httpcomponents\core5\httpcore5\5.2\httpcore5-5.2.jar;C:\Users\phani\.m2\repository\org\apache\httpcomponents\core5\httpcore5-h2\5.2\httpcore5-h2-5.2.jar;C:\Users\phani\.m2\repository\org\apache\poi\poi\5.2.2\poi-5.2.2.jar;C:\Users\phani\.m2\repository\commons-codec\commons-codec\1.15\commons-codec-1.15.jar;C:\Users\phani\.m2\repository\org\apache\commons\commons-collections4\4.4\commons-collections4-4.4.jar;C:\Users\phani\.m2\repository\org\apache\commons\commons-math3\3.6.1\commons-math3-3.6.1.jar;C:\Users\phani\.m2\repository\commons-io\commons-io\2.11.0\commons-io-2.11.0.jar;C:\Users\phani\.m2\repository\com\zaxxer\SparseBitSet\1.2\SparseBitSet-1.2.jar;C:\Users\phani\.m2\repository\org\apache\poi\poi-ooxml\5.2.2\poi-ooxml-5.2.2.jar;C:\Users\phani\.m2\repository\org\apache\poi\poi-ooxml-lite\5.2.2\poi-ooxml-lite-5.2.2.jar;C:\Users\phani\.m2\repository\org\apache\xmlbeans\xmlbeans\5.0.3\xmlbeans-5.0.3.jar;C:\Users\phani\.m2\repository\com\github\virtuald\curvesapi\1.07\curvesapi-1.07.jar;C:\Users\phani\.m2\repository\org\apache\poi\poi-scratchpad\5.2.2\poi-scratchpad-5.2.2.jar;C:\Users\phani\.m2\repository\org\testng\testng\7.9.0\testng-7.9.0.jar;C:\Users\phani\.m2\repository\com\beust\jcommander\1.82\jcommander-1.82.jar;C:\Users\phani\.m2\repository\org\webjars\jquery\3.7.1\jquery-3.7.1.jar;C:\Users\phani\.m2\repository\com\aventstack\extentreports\5.1.1\extentreports-5.1.1.jar;C:\Users\phani\.m2\repository\io\reactivex\rxjava3\rxjava\3.1.6\rxjava-3.1.6.jar;C:\Users\phani\.m2\repository\org\reactivestreams\reactive-streams\1.0.4\reactive-streams-1.0.4.jar;C:\Users\phani\.m2\repository\org\freemarker\freemarker\2.3.32\freemarker-2.3.32.jar;C:\Users\phani\.m2\repository\log4j\log4j\1.2.17\log4j-1.2.17.jar;C:\Users\phani\.m2\repository\org\apache\logging\log4j\log4j-slf4j-impl\2.17.2\log4j-slf4j-impl-2.17.2.jar;C:\Users\phani\.m2\repository\org\apache\logging\log4j\log4j-api\2.20.0\log4j-api-2.20.0.jar;C:\Users\phani\.m2\repository\org\apache\logging\log4j\log4j-core\2.20.0\log4j-core-2.20.0.jar;C:\Users\phani\.m2\repository\org\projectlombok\lombok\1.18.38\lombok-1.18.38.jar;C:\Users\phani\.m2\repository\org\apache\commons\commons-email\1.6.0\commons-email-1.6.0.jar;C:\Users\phani\.m2\repository\com\sun\mail\jakarta.mail\1.6.7\jakarta.mail-1.6.7.jar;C:\Users\phani\.m2\repository\com\sun\activation\jakarta.activation\1.2.1\jakarta.activation-1.2.1.jar;"/>
    <property name="java.vm.vendor" value="Oracle Corporation"/>
    <property name="sun.arch.data.model" value="64"/>
    <property name="user.variant" value=""/>
    <property name="java.vendor.url" value="https://java.oracle.com/"/>
    <property name="user.timezone" value="Asia/Calcutta"/>
    <property name="os.name" value="Windows 11"/>
    <property name="java.vm.specification.version" value="21"/>
    <property name="sun.java.launcher" value="SUN_STANDARD"/>
    <property name="user.country" value="IN"/>
    <property name="sun.boot.library.path" value="C:\Program Files\Java\jdk-21\bin"/>
    <property name="sun.java.command" value="C:\Users\phani\AppData\Local\Temp\surefire11259959865227669063\surefirebooter15305640944446453407.jar C:\Users\phani\AppData\Local\Temp\surefire11259959865227669063 2025-07-23T19-14-57_512-jvmRun1 surefire702050901411389450tmp surefire_013977602952112085512tmp"/>
    <property name="jdk.debug" value="release"/>
    <property name="surefire.test.class.path" value="C:\Users\phani\eclipse-workspace\opencart\target\test-classes;C:\Users\phani\eclipse-workspace\opencart\target\classes;C:\Users\phani\.m2\repository\org\seleniumhq\selenium\selenium-java\4.18.1\selenium-java-4.18.1.jar;C:\Users\phani\.m2\repository\org\seleniumhq\selenium\selenium-api\4.18.1\selenium-api-4.18.1.jar;C:\Users\phani\.m2\repository\org\seleniumhq\selenium\selenium-chrome-driver\4.18.1\selenium-chrome-driver-4.18.1.jar;C:\Users\phani\.m2\repository\com\google\auto\service\auto-service-annotations\1.1.1\auto-service-annotations-1.1.1.jar;C:\Users\phani\.m2\repository\org\seleniumhq\selenium\selenium-chromium-driver\4.18.1\selenium-chromium-driver-4.18.1.jar;C:\Users\phani\.m2\repository\org\seleniumhq\selenium\selenium-json\4.18.1\selenium-json-4.18.1.jar;C:\Users\phani\.m2\repository\org\seleniumhq\selenium\selenium-manager\4.18.1\selenium-manager-4.18.1.jar;C:\Users\phani\.m2\repository\org\seleniumhq\selenium\selenium-devtools-v120\4.18.1\selenium-devtools-v120-4.18.1.jar;C:\Users\phani\.m2\repository\org\seleniumhq\selenium\selenium-devtools-v121\4.18.1\selenium-devtools-v121-4.18.1.jar;C:\Users\phani\.m2\repository\org\seleniumhq\selenium\selenium-devtools-v122\4.18.1\selenium-devtools-v122-4.18.1.jar;C:\Users\phani\.m2\repository\org\seleniumhq\selenium\selenium-devtools-v85\4.18.1\selenium-devtools-v85-4.18.1.jar;C:\Users\phani\.m2\repository\org\seleniumhq\selenium\selenium-edge-driver\4.18.1\selenium-edge-driver-4.18.1.jar;C:\Users\phani\.m2\repository\org\seleniumhq\selenium\selenium-firefox-driver\4.18.1\selenium-firefox-driver-4.18.1.jar;C:\Users\phani\.m2\repository\org\seleniumhq\selenium\selenium-http\4.18.1\selenium-http-4.18.1.jar;C:\Users\phani\.m2\repository\dev\failsafe\failsafe\3.3.2\failsafe-3.3.2.jar;C:\Users\phani\.m2\repository\org\seleniumhq\selenium\selenium-ie-driver\4.18.1\selenium-ie-driver-4.18.1.jar;C:\Users\phani\.m2\repository\org\seleniumhq\selenium\selenium-remote-driver\4.18.1\selenium-remote-driver-4.18.1.jar;C:\Users\phani\.m2\repository\com\google\guava\guava\33.0.0-jre\guava-33.0.0-jre.jar;C:\Users\phani\.m2\repository\com\google\guava\failureaccess\1.0.2\failureaccess-1.0.2.jar;C:\Users\phani\.m2\repository\com\google\guava\listenablefuture\9999.0-empty-to-avoid-conflict-with-guava\listenablefuture-9999.0-empty-to-avoid-conflict-with-guava.jar;C:\Users\phani\.m2\repository\com\google\code\findbugs\jsr305\3.0.2\jsr305-3.0.2.jar;C:\Users\phani\.m2\repository\org\checkerframework\checker-qual\3.41.0\checker-qual-3.41.0.jar;C:\Users\phani\.m2\repository\com\google\errorprone\error_prone_annotations\2.23.0\error_prone_annotations-2.23.0.jar;C:\Users\phani\.m2\repository\com\google\j2objc\j2objc-annotations\2.8\j2objc-annotations-2.8.jar;C:\Users\phani\.m2\repository\io\opentelemetry\semconv\opentelemetry-semconv\1.23.1-alpha\opentelemetry-semconv-1.23.1-alpha.jar;C:\Users\phani\.m2\repository\io\opentelemetry\opentelemetry-api\1.35.0\opentelemetry-api-1.35.0.jar;C:\Users\phani\.m2\repository\io\opentelemetry\opentelemetry-context\1.35.0\opentelemetry-context-1.35.0.jar;C:\Users\phani\.m2\repository\io\opentelemetry\opentelemetry-exporter-logging\1.35.0\opentelemetry-exporter-logging-1.35.0.jar;C:\Users\phani\.m2\repository\io\opentelemetry\opentelemetry-sdk-common\1.35.0\opentelemetry-sdk-common-1.35.0.jar;C:\Users\phani\.m2\repository\io\opentelemetry\opentelemetry-sdk-extension-autoconfigure-spi\1.35.0\opentelemetry-sdk-extension-autoconfigure-spi-1.35.0.jar;C:\Users\phani\.m2\repository\io\opentelemetry\opentelemetry-sdk-extension-autoconfigure\1.35.0\opentelemetry-sdk-extension-autoconfigure-1.35.0.jar;C:\Users\phani\.m2\repository\io\opentelemetry\opentelemetry-api-events\1.35.0-alpha\opentelemetry-api-events-1.35.0-alpha.jar;C:\Users\phani\.m2\repository\io\opentelemetry\opentelemetry-sdk-trace\1.35.0\opentelemetry-sdk-trace-1.35.0.jar;C:\Users\phani\.m2\repository\io\opentelemetry\opentelemetry-extension-incubator\1.35.0-alpha\opentelemetry-extension-incubator-1.35.0-alpha.jar;C:\Users\phani\.m2\repository\io\opentelemetry\opentelemetry-sdk\1.35.0\opentelemetry-sdk-1.35.0.jar;C:\Users\phani\.m2\repository\io\opentelemetry\opentelemetry-sdk-metrics\1.35.0\opentelemetry-sdk-metrics-1.35.0.jar;C:\Users\phani\.m2\repository\io\opentelemetry\opentelemetry-sdk-logs\1.35.0\opentelemetry-sdk-logs-1.35.0.jar;C:\Users\phani\.m2\repository\net\bytebuddy\byte-buddy\1.14.12\byte-buddy-1.14.12.jar;C:\Users\phani\.m2\repository\org\seleniumhq\selenium\selenium-os\4.18.1\selenium-os-4.18.1.jar;C:\Users\phani\.m2\repository\org\apache\commons\commons-exec\1.3\commons-exec-1.3.jar;C:\Users\phani\.m2\repository\org\seleniumhq\selenium\selenium-safari-driver\4.18.1\selenium-safari-driver-4.18.1.jar;C:\Users\phani\.m2\repository\org\seleniumhq\selenium\selenium-support\4.18.1\selenium-support-4.18.1.jar;C:\Users\phani\.m2\repository\io\github\bonigarcia\webdrivermanager\5.7.0\webdrivermanager-5.7.0.jar;C:\Users\phani\.m2\repository\org\slf4j\slf4j-api\2.0.12\slf4j-api-2.0.12.jar;C:\Users\phani\.m2\repository\com\google\code\gson\gson\2.10.1\gson-2.10.1.jar;C:\Users\phani\.m2\repository\com\github\docker-java\docker-java\3.3.5\docker-java-3.3.5.jar;C:\Users\phani\.m2\repository\com\github\docker-java\docker-java-core\3.3.5\docker-java-core-3.3.5.jar;C:\Users\phani\.m2\repository\com\github\docker-java\docker-java-api\3.3.5\docker-java-api-3.3.5.jar;C:\Users\phani\.m2\repository\com\fasterxml\jackson\core\jackson-annotations\2.10.3\jackson-annotations-2.10.3.jar;C:\Users\phani\.m2\repository\com\fasterxml\jackson\core\jackson-databind\2.10.3\jackson-databind-2.10.3.jar;C:\Users\phani\.m2\repository\com\fasterxml\jackson\core\jackson-core\2.10.3\jackson-core-2.10.3.jar;C:\Users\phani\.m2\repository\org\bouncycastle\bcpkix-jdk18on\1.76\bcpkix-jdk18on-1.76.jar;C:\Users\phani\.m2\repository\org\bouncycastle\bcprov-jdk18on\1.76\bcprov-jdk18on-1.76.jar;C:\Users\phani\.m2\repository\org\bouncycastle\bcutil-jdk18on\1.76\bcutil-jdk18on-1.76.jar;C:\Users\phani\.m2\repository\org\slf4j\jcl-over-slf4j\1.7.30\jcl-over-slf4j-1.7.30.jar;C:\Users\phani\.m2\repository\com\github\docker-java\docker-java-transport-httpclient5\3.3.5\docker-java-transport-httpclient5-3.3.5.jar;C:\Users\phani\.m2\repository\com\github\docker-java\docker-java-transport\3.3.5\docker-java-transport-3.3.5.jar;C:\Users\phani\.m2\repository\net\java\dev\jna\jna\5.13.0\jna-5.13.0.jar;C:\Users\phani\.m2\repository\org\brotli\dec\0.1.2\dec-0.1.2.jar;C:\Users\phani\.m2\repository\org\apache\commons\commons-lang3\3.14.0\commons-lang3-3.14.0.jar;C:\Users\phani\.m2\repository\org\apache\commons\commons-compress\1.26.0\commons-compress-1.26.0.jar;C:\Users\phani\.m2\repository\org\apache\httpcomponents\client5\httpclient5\5.2.1\httpclient5-5.2.1.jar;C:\Users\phani\.m2\repository\org\apache\httpcomponents\core5\httpcore5\5.2\httpcore5-5.2.jar;C:\Users\phani\.m2\repository\org\apache\httpcomponents\core5\httpcore5-h2\5.2\httpcore5-h2-5.2.jar;C:\Users\phani\.m2\repository\org\apache\poi\poi\5.2.2\poi-5.2.2.jar;C:\Users\phani\.m2\repository\commons-codec\commons-codec\1.15\commons-codec-1.15.jar;C:\Users\phani\.m2\repository\org\apache\commons\commons-collections4\4.4\commons-collections4-4.4.jar;C:\Users\phani\.m2\repository\org\apache\commons\commons-math3\3.6.1\commons-math3-3.6.1.jar;C:\Users\phani\.m2\repository\commons-io\commons-io\2.11.0\commons-io-2.11.0.jar;C:\Users\phani\.m2\repository\com\zaxxer\SparseBitSet\1.2\SparseBitSet-1.2.jar;C:\Users\phani\.m2\repository\org\apache\poi\poi-ooxml\5.2.2\poi-ooxml-5.2.2.jar;C:\Users\phani\.m2\repository\org\apache\poi\poi-ooxml-lite\5.2.2\poi-ooxml-lite-5.2.2.jar;C:\Users\phani\.m2\repository\org\apache\xmlbeans\xmlbeans\5.0.3\xmlbeans-5.0.3.jar;C:\Users\phani\.m2\repository\com\github\virtuald\curvesapi\1.07\curvesapi-1.07.jar;C:\Users\phani\.m2\repository\org\apache\poi\poi-scratchpad\5.2.2\poi-scratchpad-5.2.2.jar;C:\Users\phani\.m2\repository\org\testng\testng\7.9.0\testng-7.9.0.jar;C:\Users\phani\.m2\repository\com\beust\jcommander\1.82\jcommander-1.82.jar;C:\Users\phani\.m2\repository\org\webjars\jquery\3.7.1\jquery-3.7.1.jar;C:\Users\phani\.m2\repository\com\aventstack\extentreports\5.1.1\extentreports-5.1.1.jar;C:\Users\phani\.m2\repository\io\reactivex\rxjava3\rxjava\3.1.6\rxjava-3.1.6.jar;C:\Users\phani\.m2\repository\org\reactivestreams\reactive-streams\1.0.4\reactive-streams-1.0.4.jar;C:\Users\phani\.m2\repository\org\freemarker\freemarker\2.3.32\freemarker-2.3.32.jar;C:\Users\phani\.m2\repository\log4j\log4j\1.2.17\log4j-1.2.17.jar;C:\Users\phani\.m2\repository\org\apache\logging\log4j\log4j-slf4j-impl\2.17.2\log4j-slf4j-impl-2.17.2.jar;C:\Users\phani\.m2\repository\org\apache\logging\log4j\log4j-api\2.20.0\log4j-api-2.20.0.jar;C:\Users\phani\.m2\repository\org\apache\logging\log4j\log4j-core\2.20.0\log4j-core-2.20.0.jar;C:\Users\phani\.m2\repository\org\projectlombok\lombok\1.18.38\lombok-1.18.38.jar;C:\Users\phani\.m2\repository\org\apache\commons\commons-email\1.6.0\commons-email-1.6.0.jar;C:\Users\phani\.m2\repository\com\sun\mail\jakarta.mail\1.6.7\jakarta.mail-1.6.7.jar;C:\Users\phani\.m2\repository\com\sun\activation\jakarta.activation\1.2.1\jakarta.activation-1.2.1.jar;"/>
    <property name="sun.cpu.endian" value="little"/>
    <property name="user.home" value="C:\Users\phani"/>
    <property name="user.language" value="en"/>
    <property name="java.specification.vendor" value="Oracle Corporation"/>
    <property name="java.version.date" value="2025-01-21"/>
    <property name="java.home" value="C:\Program Files\Java\jdk-21"/>
    <property name="file.separator" value="\"/>
    <property name="basedir" value="C:\Users\phani\eclipse-workspace\opencart"/>
    <property name="java.vm.compressedOopsMode" value="32-bit"/>
    <property name="line.separator" value="&#10;"/>
    <property name="java.vm.specification.vendor" value="Oracle Corporation"/>
    <property name="java.specification.name" value="Java Platform API Specification"/>
    <property name="surefire.real.class.path" value="C:\Users\phani\AppData\Local\Temp\surefire11259959865227669063\surefirebooter15305640944446453407.jar"/>
    <property name="user.script" value=""/>
    <property name="sun.management.compiler" value="HotSpot 64-Bit Tiered Compilers"/>
    <property name="java.runtime.version" value="21.0.6+8-LTS-188"/>
    <property name="user.name" value="phani"/>
    <property name="stdout.encoding" value="Cp1252"/>
    <property name="path.separator" value=";"/>
    <property name="os.version" value="10.0"/>
    <property name="java.runtime.name" value="Java(TM) SE Runtime Environment"/>
    <property name="file.encoding" value="UTF-8"/>
    <property name="java.vm.name" value="Java HotSpot(TM) 64-Bit Server VM"/>
    <property name="localRepository" value="C:\Users\phani\.m2\repository"/>
    <property name="java.vendor.url.bug" value="https://bugreport.java.com/bugreport/"/>
    <property name="java.io.tmpdir" value="C:\Users\phani\AppData\Local\Temp\"/>
    <property name="java.version" value="21.0.6"/>
    <property name="user.dir" value="C:\Users\phani\eclipse-workspace\opencart"/>
    <property name="os.arch" value="amd64"/>
    <property name="java.vm.specification.name" value="Java Virtual Machine Specification"/>
    <property name="sun.os.patch.level" value=""/>
    <property name="native.encoding" value="Cp1252"/>
    <property name="java.library.path" value="C:\Program Files\Java\jdk-21\bin;C:\WINDOWS\Sun\Java\bin;C:\WINDOWS\system32;C:\WINDOWS;C:\Program Files\Common Files\Oracle\Java\javapath;C:\WINDOWS\system32;C:\WINDOWS;C:\WINDOWS\System32\Wbem;C:\WINDOWS\System32\WindowsPowerShell\v1.0\;C:\WINDOWS\System32\OpenSSH\;C:\Program Files\apache-maven-3.8.5\bin;C:\Program Files (x86)\bin;C:\Program Files\PuTTY\;C:\Program Files\Amazon\AWSCLIV2\;C:\Program Files\Git\cmd;C:\Program Files\Android\Android Studio\bin;C:\Program Files\nodejs\;C:\Program Files\Docker\Docker\resources\bin;C:\Program Files\MySQL\MySQL Shell 8.0\bin\;C:\Users\phani\AppData\Local\Microsoft\WindowsApps;C:\Users\phani\AppData\Local\Programs\Microsoft VS Code\bin;C:\Users\phani\AppData\Roaming\npm;."/>
    <property name="java.vm.info" value="mixed mode, sharing"/>
    <property name="stderr.encoding" value="Cp1252"/>
    <property name="java.vendor" value="Oracle Corporation"/>
    <property name="java.vm.version" value="21.0.6+8-LTS-188"/>
    <property name="sun.io.unicode.encoding" value="UnicodeLittle"/>
    <property name="java.class.version" value="65.0"/>
  </properties>
  <testcase name="Registration" classname="testCases.TC01_registrationTestcase" time="4.328">
    <system-out><![CDATA[07-23-2025 19:15:03 BaseTest.java INFO  [TestNG-tests-1] testCases.TC01_registrationTestcase 116 - cookies deleted
07-23-2025 19:15:04 TC01_registrationTestcase.java INFO  [TestNG-tests-1] testCases.TC01_registrationTestcase 19 - ******* Started TC_01_registrationTestcase *******
07-23-2025 19:15:04 TC01_registrationTestcase.java INFO  [TestNG-tests-1] testCases.TC01_registrationTestcase 23 - Clicking on My account
07-23-2025 19:15:06 TC01_registrationTestcase.java INFO  [TestNG-tests-1] testCases.TC01_registrationTestcase 25 - Clicking on Register option
07-23-2025 19:15:07 TC01_registrationTestcase.java INFO  [TestNG-tests-1] testCases.TC01_registrationTestcase 28 - Entering Customer details
07-23-2025 19:15:07 TC01_registrationTestcase.java INFO  [TestNG-tests-1] testCases.TC01_registrationTestcase 36 - Clicking on continue button
07-23-2025 19:15:08 TC01_registrationTestcase.java INFO  [TestNG-tests-1] testCases.TC01_registrationTestcase 38 - Validating succes messge and clicking on continue button
07-23-2025 19:15:09 TC01_registrationTestcase.java INFO  [TestNG-tests-1] testCases.TC01_registrationTestcase 53 - ******* Finished TC_01_registrationTestcase *******
]]></system-out>
    <system-err><![CDATA[SLF4J(W): No SLF4J providers were found.
SLF4J(W): Defaulting to no-operation (NOP) logger implementation
SLF4J(W): See https://www.slf4j.org/codes.html#noProviders for further details.
SLF4J(W): Class path contains SLF4J bindings targeting slf4j-api versions 1.7.x or earlier.
SLF4J(W): Ignoring binding found at [jar:file:/C:/Users/phani/.m2/repository/org/apache/logging/log4j/log4j-slf4j-impl/2.17.2/log4j-slf4j-impl-2.17.2.jar!/org/slf4j/impl/StaticLoggerBinder.class]
SLF4J(W): See https://www.slf4j.org/codes.html#ignoredBindings for an explanation.
Jul 23, 2025 7:15:03 PM org.openqa.selenium.devtools.CdpVersionFinder findNearestMatch
WARNING: Unable to find CDP implementation matching 138
Jul 23, 2025 7:15:03 PM org.openqa.selenium.chromium.ChromiumDriver lambda$new$5
WARNING: Unable to find version of CDP to use for 138.0.7204.158. You may need to include a dependency on a specific version of the CDP using something similar to `org.seleniumhq.selenium:selenium-devtools-v86:4.18.1` where the version ("v86") matches the version of the chromium-based browser you're using and the version number of the artifact is the same as Selenium's.
]]></system-err>
  </testcase>
  <testcase name="loginTest" classname="testCases.TC01_loginTestCase" time="2.68">
    <system-out><![CDATA[07-23-2025 19:15:11 BaseTest.java INFO  [TestNG-tests-1] testCases.TC01_loginTestCase 116 - cookies deleted
07-23-2025 19:15:15 TC01_loginTestCase.java INFO  [TestNG-tests-1] testCases.TC01_loginTestCase 25 - ******* Started TC_01_Login Testcase *******
07-23-2025 19:15:15 TC01_loginTestCase.java INFO  [TestNG-tests-1] testCases.TC01_loginTestCase 27 - Clicked on my account
07-23-2025 19:15:16 TC01_loginTestCase.java INFO  [TestNG-tests-1] testCases.TC01_loginTestCase 29 - selected loginoption
07-23-2025 19:15:16 TC01_loginTestCase.java INFO  [TestNG-tests-1] testCases.TC01_loginTestCase 37 - login credentials enterd
07-23-2025 19:15:16 TC01_loginTestCase.java INFO  [TestNG-tests-1] testCases.TC01_loginTestCase 39 - clicked on login button
07-23-2025 19:15:17 TC01_loginTestCase.java INFO  [TestNG-tests-1] testCases.TC01_loginTestCase 41 - My Account Text is displayed
07-23-2025 19:15:17 TC01_loginTestCase.java INFO  [TestNG-tests-1] testCases.TC01_loginTestCase 43 - logout link is displayed
07-23-2025 19:15:18 TC01_loginTestCase.java INFO  [TestNG-tests-1] testCases.TC01_loginTestCase 45 - clicked on logout link
07-23-2025 19:15:18 TC01_loginTestCase.java INFO  [TestNG-tests-1] testCases.TC01_loginTestCase 47 - account logout text is displayed
07-23-2025 19:15:18 TC01_loginTestCase.java INFO  [TestNG-tests-1] testCases.TC01_loginTestCase 51 - ******* Finished TC_01_Login Testcase *******
]]></system-out>
    <system-err><![CDATA[Jul 23, 2025 7:15:11 PM org.openqa.selenium.devtools.CdpVersionFinder findNearestMatch
WARNING: Unable to find CDP implementation matching 138
Jul 23, 2025 7:15:11 PM org.openqa.selenium.chromium.ChromiumDriver lambda$new$5
WARNING: Unable to find version of CDP to use for 138.0.7204.158. You may need to include a dependency on a specific version of the CDP using something similar to `org.seleniumhq.selenium:selenium-devtools-v86:4.18.1` where the version ("v86") matches the version of the chromium-based browser you're using and the version number of the artifact is the same as Selenium's.
]]></system-err>
  </testcase>
  <testcase name="Verify_LoginDDT[ethanhunt@gmail.com, Blackbeast319@!, valid](1)" classname="testCases.TC03_LoginDDT" time="3.333">
    <system-out><![CDATA[07-23-2025 19:15:20 BaseTest.java INFO  [TestNG-tests-1] testCases.TC03_LoginDDT 116 - cookies deleted
07-23-2025 19:15:28 TC03_LoginDDT.java INFO  [TestNG-tests-1] testCases.TC03_LoginDDT 26 - ******* Started TC_03_Verify_LoginDDT *******
07-23-2025 19:15:28 TC03_LoginDDT.java INFO  [TestNG-tests-1] testCases.TC03_LoginDDT 28 - Clicked on my account
07-23-2025 19:15:28 TC03_LoginDDT.java INFO  [TestNG-tests-1] testCases.TC03_LoginDDT 30 - selected loginoption
07-23-2025 19:15:28 TC03_LoginDDT.java INFO  [TestNG-tests-1] testCases.TC03_LoginDDT 34 - Returning Customer is displayed
07-23-2025 19:15:29 TC03_LoginDDT.java INFO  [TestNG-tests-1] testCases.TC03_LoginDDT 40 - login credentials enterd
07-23-2025 19:15:30 TC03_LoginDDT.java INFO  [TestNG-tests-1] testCases.TC03_LoginDDT 42 - clicked on login button
07-23-2025 19:15:30 TC03_LoginDDT.java INFO  [TestNG-tests-1] testCases.TC03_LoginDDT 46 - My Account Text is displayed
07-23-2025 19:15:30 TC03_LoginDDT.java INFO  [TestNG-tests-1] testCases.TC03_LoginDDT 48 - logout link is displayed
07-23-2025 19:15:31 TC03_LoginDDT.java INFO  [TestNG-tests-1] testCases.TC03_LoginDDT 50 - clicked on logout link
07-23-2025 19:15:31 TC03_LoginDDT.java INFO  [TestNG-tests-1] testCases.TC03_LoginDDT 52 - account logout text is displayed
07-23-2025 19:15:31 TC03_LoginDDT.java INFO  [TestNG-tests-1] testCases.TC03_LoginDDT 72 - ******* Finished TC_03_Verify_LoginDDT *******
]]></system-out>
    <system-err><![CDATA[Jul 23, 2025 7:15:20 PM org.openqa.selenium.devtools.CdpVersionFinder findNearestMatch
WARNING: Unable to find CDP implementation matching 138
Jul 23, 2025 7:15:20 PM org.openqa.selenium.chromium.ChromiumDriver lambda$new$5
WARNING: Unable to find version of CDP to use for 138.0.7204.158. You may need to include a dependency on a specific version of the CDP using something similar to `org.seleniumhq.selenium:selenium-devtools-v86:4.18.1` where the version ("v86") matches the version of the chromium-based browser you're using and the version number of the artifact is the same as Selenium's.
]]></system-err>
  </testcase>
  <testcase name="Verify_LoginDDT[ethanhut@gmail.com, Blackbeast31@!, invalid](2)" classname="testCases.TC03_LoginDDT" time="2.027">
    <system-out><![CDATA[07-23-2025 19:15:31 TC03_LoginDDT.java INFO  [TestNG-tests-1] testCases.TC03_LoginDDT 26 - ******* Started TC_03_Verify_LoginDDT *******
07-23-2025 19:15:31 TC03_LoginDDT.java INFO  [TestNG-tests-1] testCases.TC03_LoginDDT 28 - Clicked on my account
07-23-2025 19:15:31 TC03_LoginDDT.java INFO  [TestNG-tests-1] testCases.TC03_LoginDDT 30 - selected loginoption
07-23-2025 19:15:32 TC03_LoginDDT.java INFO  [TestNG-tests-1] testCases.TC03_LoginDDT 34 - Returning Customer is displayed
07-23-2025 19:15:32 TC03_LoginDDT.java INFO  [TestNG-tests-1] testCases.TC03_LoginDDT 40 - login credentials enterd
07-23-2025 19:15:32 TC03_LoginDDT.java INFO  [TestNG-tests-1] testCases.TC03_LoginDDT 42 - clicked on login button
07-23-2025 19:15:33 TC03_LoginDDT.java INFO  [TestNG-tests-1] testCases.TC03_LoginDDT 61 - warning message is displayed 
07-23-2025 19:15:33 TC03_LoginDDT.java INFO  [TestNG-tests-1] testCases.TC03_LoginDDT 72 - ******* Finished TC_03_Verify_LoginDDT *******
]]></system-out>
  </testcase>
  <testcase name="Verify_LoginDDT[ethanhut@gmail.com, Blackbeast31@!, invalid](3)" classname="testCases.TC03_LoginDDT" time="1.113">
    <system-out><![CDATA[07-23-2025 19:15:33 TC03_LoginDDT.java INFO  [TestNG-tests-1] testCases.TC03_LoginDDT 26 - ******* Started TC_03_Verify_LoginDDT *******
07-23-2025 19:15:33 TC03_LoginDDT.java INFO  [TestNG-tests-1] testCases.TC03_LoginDDT 28 - Clicked on my account
07-23-2025 19:15:33 TC03_LoginDDT.java INFO  [TestNG-tests-1] testCases.TC03_LoginDDT 30 - selected loginoption
07-23-2025 19:15:33 TC03_LoginDDT.java INFO  [TestNG-tests-1] testCases.TC03_LoginDDT 34 - Returning Customer is displayed
07-23-2025 19:15:34 TC03_LoginDDT.java INFO  [TestNG-tests-1] testCases.TC03_LoginDDT 40 - login credentials enterd
07-23-2025 19:15:34 TC03_LoginDDT.java INFO  [TestNG-tests-1] testCases.TC03_LoginDDT 42 - clicked on login button
07-23-2025 19:15:34 TC03_LoginDDT.java INFO  [TestNG-tests-1] testCases.TC03_LoginDDT 61 - warning message is displayed 
07-23-2025 19:15:34 TC03_LoginDDT.java INFO  [TestNG-tests-1] testCases.TC03_LoginDDT 72 - ******* Finished TC_03_Verify_LoginDDT *******
]]></system-out>
  </testcase>
  <testcase name="Verify_LoginDDT[ethanhunt@gmail.com, Blackbeast31@!, invalid](4)" classname="testCases.TC03_LoginDDT" time="4.521">
    <system-out><![CDATA[07-23-2025 19:15:34 TC03_LoginDDT.java INFO  [TestNG-tests-1] testCases.TC03_LoginDDT 26 - ******* Started TC_03_Verify_LoginDDT *******
07-23-2025 19:15:34 TC03_LoginDDT.java INFO  [TestNG-tests-1] testCases.TC03_LoginDDT 28 - Clicked on my account
07-23-2025 19:15:37 TC03_LoginDDT.java INFO  [TestNG-tests-1] testCases.TC03_LoginDDT 30 - selected loginoption
07-23-2025 19:15:37 TC03_LoginDDT.java INFO  [TestNG-tests-1] testCases.TC03_LoginDDT 34 - Returning Customer is displayed
07-23-2025 19:15:37 TC03_LoginDDT.java INFO  [TestNG-tests-1] testCases.TC03_LoginDDT 40 - login credentials enterd
07-23-2025 19:15:37 TC03_LoginDDT.java INFO  [TestNG-tests-1] testCases.TC03_LoginDDT 42 - clicked on login button
07-23-2025 19:15:39 TC03_LoginDDT.java INFO  [TestNG-tests-1] testCases.TC03_LoginDDT 61 - warning message is displayed 
07-23-2025 19:15:39 TC03_LoginDDT.java INFO  [TestNG-tests-1] testCases.TC03_LoginDDT 72 - ******* Finished TC_03_Verify_LoginDDT *******
]]></system-out>
  </testcase>
  <testcase name="Verify_LoginDDT[, Blackbeast31@!, invalid](5)" classname="testCases.TC03_LoginDDT" time="2.429">
    <system-out><![CDATA[07-23-2025 19:15:39 TC03_LoginDDT.java INFO  [TestNG-tests-1] testCases.TC03_LoginDDT 26 - ******* Started TC_03_Verify_LoginDDT *******
07-23-2025 19:15:39 TC03_LoginDDT.java INFO  [TestNG-tests-1] testCases.TC03_LoginDDT 28 - Clicked on my account
07-23-2025 19:15:39 TC03_LoginDDT.java INFO  [TestNG-tests-1] testCases.TC03_LoginDDT 30 - selected loginoption
07-23-2025 19:15:39 TC03_LoginDDT.java INFO  [TestNG-tests-1] testCases.TC03_LoginDDT 34 - Returning Customer is displayed
07-23-2025 19:15:39 TC03_LoginDDT.java INFO  [TestNG-tests-1] testCases.TC03_LoginDDT 40 - login credentials enterd
07-23-2025 19:15:39 TC03_LoginDDT.java INFO  [TestNG-tests-1] testCases.TC03_LoginDDT 42 - clicked on login button
07-23-2025 19:15:41 TC03_LoginDDT.java INFO  [TestNG-tests-1] testCases.TC03_LoginDDT 61 - warning message is displayed 
07-23-2025 19:15:41 TC03_LoginDDT.java INFO  [TestNG-tests-1] testCases.TC03_LoginDDT 72 - ******* Finished TC_03_Verify_LoginDDT *******
]]></system-out>
  </testcase>
  <testcase name="Verify_LoginDDT[ethanhunt@gmail.com, , invalid](6)" classname="testCases.TC03_LoginDDT" time="1.26">
    <system-out><![CDATA[07-23-2025 19:15:41 TC03_LoginDDT.java INFO  [TestNG-tests-1] testCases.TC03_LoginDDT 26 - ******* Started TC_03_Verify_LoginDDT *******
07-23-2025 19:15:41 TC03_LoginDDT.java INFO  [TestNG-tests-1] testCases.TC03_LoginDDT 28 - Clicked on my account
07-23-2025 19:15:41 TC03_LoginDDT.java INFO  [TestNG-tests-1] testCases.TC03_LoginDDT 30 - selected loginoption
07-23-2025 19:15:42 TC03_LoginDDT.java INFO  [TestNG-tests-1] testCases.TC03_LoginDDT 34 - Returning Customer is displayed
07-23-2025 19:15:42 TC03_LoginDDT.java INFO  [TestNG-tests-1] testCases.TC03_LoginDDT 40 - login credentials enterd
07-23-2025 19:15:42 TC03_LoginDDT.java INFO  [TestNG-tests-1] testCases.TC03_LoginDDT 42 - clicked on login button
07-23-2025 19:15:42 TC03_LoginDDT.java INFO  [TestNG-tests-1] testCases.TC03_LoginDDT 61 - warning message is displayed 
07-23-2025 19:15:42 TC03_LoginDDT.java INFO  [TestNG-tests-1] testCases.TC03_LoginDDT 72 - ******* Finished TC_03_Verify_LoginDDT *******
]]></system-out>
  </testcase>
  <testcase name="Verify_LoginDDT[, , invalid](7)" classname="testCases.TC03_LoginDDT" time="1.367">
    <system-out><![CDATA[07-23-2025 19:15:42 TC03_LoginDDT.java INFO  [TestNG-tests-1] testCases.TC03_LoginDDT 26 - ******* Started TC_03_Verify_LoginDDT *******
07-23-2025 19:15:42 TC03_LoginDDT.java INFO  [TestNG-tests-1] testCases.TC03_LoginDDT 28 - Clicked on my account
07-23-2025 19:15:43 TC03_LoginDDT.java INFO  [TestNG-tests-1] testCases.TC03_LoginDDT 30 - selected loginoption
07-23-2025 19:15:43 TC03_LoginDDT.java INFO  [TestNG-tests-1] testCases.TC03_LoginDDT 34 - Returning Customer is displayed
07-23-2025 19:15:43 TC03_LoginDDT.java INFO  [TestNG-tests-1] testCases.TC03_LoginDDT 40 - login credentials enterd
07-23-2025 19:15:44 TC03_LoginDDT.java INFO  [TestNG-tests-1] testCases.TC03_LoginDDT 42 - clicked on login button
07-23-2025 19:15:44 TC03_LoginDDT.java INFO  [TestNG-tests-1] testCases.TC03_LoginDDT 61 - warning message is displayed 
07-23-2025 19:15:44 TC03_LoginDDT.java INFO  [TestNG-tests-1] testCases.TC03_LoginDDT 72 - ******* Finished TC_03_Verify_LoginDDT *******
]]></system-out>
  </testcase>
  <testcase name="Verify_LoginDDT[ethanhunt@gmail.com, Blackbeast319@!, valid](8)" classname="testCases.TC03_LoginDDT" time="2.292">
    <system-out><![CDATA[07-23-2025 19:15:44 TC03_LoginDDT.java INFO  [TestNG-tests-1] testCases.TC03_LoginDDT 26 - ******* Started TC_03_Verify_LoginDDT *******
07-23-2025 19:15:44 TC03_LoginDDT.java INFO  [TestNG-tests-1] testCases.TC03_LoginDDT 28 - Clicked on my account
07-23-2025 19:15:44 TC03_LoginDDT.java INFO  [TestNG-tests-1] testCases.TC03_LoginDDT 30 - selected loginoption
07-23-2025 19:15:44 TC03_LoginDDT.java INFO  [TestNG-tests-1] testCases.TC03_LoginDDT 34 - Returning Customer is displayed
07-23-2025 19:15:44 TC03_LoginDDT.java INFO  [TestNG-tests-1] testCases.TC03_LoginDDT 40 - login credentials enterd
07-23-2025 19:15:45 TC03_LoginDDT.java INFO  [TestNG-tests-1] testCases.TC03_LoginDDT 42 - clicked on login button
07-23-2025 19:15:45 TC03_LoginDDT.java INFO  [TestNG-tests-1] testCases.TC03_LoginDDT 46 - My Account Text is displayed
07-23-2025 19:15:45 TC03_LoginDDT.java INFO  [TestNG-tests-1] testCases.TC03_LoginDDT 48 - logout link is displayed
07-23-2025 19:15:46 TC03_LoginDDT.java INFO  [TestNG-tests-1] testCases.TC03_LoginDDT 50 - clicked on logout link
07-23-2025 19:15:46 TC03_LoginDDT.java INFO  [TestNG-tests-1] testCases.TC03_LoginDDT 52 - account logout text is displayed
07-23-2025 19:15:46 TC03_LoginDDT.java INFO  [TestNG-tests-1] testCases.TC03_LoginDDT 72 - ******* Finished TC_03_Verify_LoginDDT *******
]]></system-out>
  </testcase>
</testsuite>