<?xml version="1.0" encoding="UTF-8"?>
<!-- Generated by org.testng.reporters.JUnitReportReporter -->
<testsuite hostname="LAPTOP-P8997V13" failures="0" tests="1" name="testCases.TC01_loginTestCase" time="1.773" errors="0" timestamp="2025-07-17T15:06:31 IST" skipped="0">
  <testcase classname="testCases.TC01_loginTestCase" name="loginTest" time="1.773"/>
</testsuite> <!-- testCases.TC01_loginTestCase -->
