<?xml version="1.0" encoding="UTF-8"?>
<!-- Generated by org.testng.reporters.JUnitReportReporter -->
<testsuite hostname="LAPTOP-P8997V13" failures="0" tests="8" name="testCases.TC03_LoginDDT" time="16.779" errors="0" timestamp="2025-07-22T13:31:36 IST" skipped="0">
  <testcase classname="testCases.TC03_LoginDDT" name="Verify_LoginDDT" time="2.240"/>
  <testcase classname="testCases.TC03_LoginDDT" name="Verify_LoginDDT" time="3.336"/>
  <testcase classname="testCases.TC03_LoginDDT" name="Verify_LoginDDT" time="1.517"/>
  <testcase classname="testCases.TC03_LoginDDT" name="Verify_LoginDDT" time="2.939"/>
  <testcase classname="testCases.TC03_LoginDDT" name="Verify_LoginDDT" time="1.448"/>
  <testcase classname="testCases.TC03_LoginDDT" name="Verify_LoginDDT" time="1.921"/>
  <testcase classname="testCases.TC03_LoginDDT" name="Verify_LoginDDT" time="2.103"/>
  <testcase classname="testCases.TC03_LoginDDT" name="Verify_LoginDDT" time="1.275"/>
</testsuite> <!-- testCases.TC03_LoginDDT -->
