<?xml version="1.0" encoding="UTF-8"?>
<!-- Generated by org.testng.reporters.JUnitReportReporter -->
<testsuite hostname="LAPTOP-P8997V13" failures="0" tests="1" name="testCases.TC01_loginTestCase" time="3.318" errors="0" timestamp="2025-07-21T15:00:03 IST" skipped="0">
  <testcase classname="testCases.TC01_loginTestCase" name="loginTest" time="3.318"/>
</testsuite> <!-- testCases.TC01_loginTestCase -->
