<?xml version="1.0" encoding="UTF-8"?>
<!-- Generated by org.testng.reporters.JUnitReportReporter -->
<testsuite hostname="LAPTOP-P8997V13" failures="0" tests="8" name="testCases.TC03_LoginDDT" time="15.162" errors="0" timestamp="2025-07-21T16:15:05 IST" skipped="0">
  <testcase classname="testCases.TC03_LoginDDT" name="Verify_LoginDDT" time="1.155"/>
  <testcase classname="testCases.TC03_LoginDDT" name="Verify_LoginDDT" time="2.776"/>
  <testcase classname="testCases.TC03_LoginDDT" name="Verify_LoginDDT" time="1.420"/>
  <testcase classname="testCases.TC03_LoginDDT" name="Verify_LoginDDT" time="1.371"/>
  <testcase classname="testCases.TC03_LoginDDT" name="Verify_LoginDDT" time="1.960"/>
  <testcase classname="testCases.TC03_LoginDDT" name="Verify_LoginDDT" time="1.610"/>
  <testcase classname="testCases.TC03_LoginDDT" name="Verify_LoginDDT" time="2.818"/>
  <testcase classname="testCases.TC03_LoginDDT" name="Verify_LoginDDT" time="2.052"/>
</testsuite> <!-- testCases.TC03_LoginDDT -->
