<?xml version="1.0" encoding="UTF-8"?>
<!-- Generated by org.testng.reporters.JUnitReportReporter -->
<testsuite hostname="LAPTOP-P8997V13" failures="0" tests="1" name="testCases.TC_01_registrationTestcase" time="2.971" errors="0" timestamp="2025-07-21T13:39:50 IST" skipped="0">
  <testcase classname="testCases.TC_01_registrationTestcase" name="Registration" time="2.971"/>
</testsuite> <!-- testCases.TC_01_registrationTestcase -->
