<?xml version="1.0" encoding="UTF-8"?>
<!-- Generated by org.testng.reporters.JUnitReportReporter -->
<testsuite hostname="LAPTOP-P8997V13" failures="0" tests="8" name="testCases.TC03_LoginDDT" time="30.476" errors="0" timestamp="2025-07-21T12:06:23 IST" skipped="0">
  <testcase classname="testCases.TC03_LoginDDT" name="Verify_LoginDDT" time="0.798"/>
  <testcase classname="testCases.TC03_LoginDDT" name="Verify_LoginDDT" time="1.061"/>
  <testcase classname="testCases.TC03_LoginDDT" name="Verify_LoginDDT" time="0.944"/>
  <testcase classname="testCases.TC03_LoginDDT" name="Verify_LoginDDT" time="11.223"/>
  <testcase classname="testCases.TC03_LoginDDT" name="Verify_LoginDDT" time="1.213"/>
  <testcase classname="testCases.TC03_LoginDDT" name="Verify_LoginDDT" time="12.481"/>
  <testcase classname="testCases.TC03_LoginDDT" name="Verify_LoginDDT" time="1.328"/>
  <testcase classname="testCases.TC03_LoginDDT" name="Verify_LoginDDT" time="1.428"/>
</testsuite> <!-- testCases.TC03_LoginDDT -->
