<?xml version="1.0" encoding="UTF-8"?>
<!-- Generated by org.testng.reporters.JUnitReportReporter -->
<testsuite hostname="LAPTOP-P8997V13" failures="0" tests="1" name="testCases.TC_01_registrationTestcase" time="3.540" errors="0" timestamp="2025-07-10T19:05:17 IST" skipped="0">
  <testcase classname="testCases.TC_01_registrationTestcase" name="Registration" time="3.540"/>
</testsuite> <!-- testCases.TC_01_registrationTestcase -->
