<?xml version="1.0" encoding="UTF-8"?>
<!-- Generated by org.testng.reporters.JUnitReportReporter -->
<testsuite hostname="LAPTOP-P8997V13" failures="0" tests="8" name="testCases.TC03_LoginDDT" time="22.468" errors="0" timestamp="2025-07-23T19:08:32 IST" skipped="0">
  <testcase classname="testCases.TC03_LoginDDT" name="Verify_LoginDDT" time="5.694"/>
  <testcase classname="testCases.TC03_LoginDDT" name="Verify_LoginDDT" time="1.297"/>
  <testcase classname="testCases.TC03_LoginDDT" name="Verify_LoginDDT" time="1.332"/>
  <testcase classname="testCases.TC03_LoginDDT" name="Verify_LoginDDT" time="2.559"/>
  <testcase classname="testCases.TC03_LoginDDT" name="Verify_LoginDDT" time="1.742"/>
  <testcase classname="testCases.TC03_LoginDDT" name="Verify_LoginDDT" time="1.530"/>
  <testcase classname="testCases.TC03_LoginDDT" name="Verify_LoginDDT" time="6.504"/>
  <testcase classname="testCases.TC03_LoginDDT" name="Verify_LoginDDT" time="1.810"/>
</testsuite> <!-- testCases.TC03_LoginDDT -->
