<?xml version="1.0" encoding="UTF-8"?>
<!-- Generated by org.testng.reporters.JUnitReportReporter -->
<testsuite hostname="LAPTOP-P8997V13" failures="0" tests="1" name="testCases.TC01_loginTestCase" time="3.496" errors="0" timestamp="2025-07-18T12:22:19 IST" skipped="0">
  <testcase classname="testCases.TC01_loginTestCase" name="loginTest" time="3.496"/>
</testsuite> <!-- testCases.TC01_loginTestCase -->
