<?xml version="1.0" encoding="UTF-8"?>
<!-- Generated by org.testng.reporters.JUnitReportReporter -->
<testsuite hostname="LAPTOP-P8997V13" failures="0" tests="1" name="testCases.TC03_LoginDDT" time="1.589" errors="0" timestamp="2025-07-21T16:37:10 IST" skipped="0">
  <testcase classname="testCases.TC03_LoginDDT" name="Verify_LoginDDT" time="1.589"/>
</testsuite> <!-- testCases.TC03_LoginDDT -->
