<?xml version="1.0" encoding="UTF-8"?>
<!-- Generated by org.testng.reporters.JUnitReportReporter -->
<testsuite hostname="LAPTOP-P8997V13" failures="0" tests="5" name="testCases.TC03_LoginDDT" time="27.727" errors="0" timestamp="2025-07-21T11:44:10 IST" skipped="0">
  <testcase classname="testCases.TC03_LoginDDT" name="Verify_LoginDDT" time="12.166"/>
  <testcase classname="testCases.TC03_LoginDDT" name="Verify_LoginDDT" time="0.917"/>
  <testcase classname="testCases.TC03_LoginDDT" name="Verify_LoginDDT" time="0.856"/>
  <testcase classname="testCases.TC03_LoginDDT" name="Verify_LoginDDT" time="1.863"/>
  <testcase classname="testCases.TC03_LoginDDT" name="Verify_LoginDDT" time="11.925"/>
</testsuite> <!-- testCases.TC03_LoginDDT -->
