<?xml version="1.0" encoding="UTF-8"?>
<!-- Generated by org.testng.reporters.JUnitReportReporter -->
<testsuite hostname="LAPTOP-P8997V13" failures="0" tests="1" name="testCases.TC01_registrationTestcase" time="4.348" errors="0" timestamp="2025-07-23T19:15:50 IST" skipped="0">
  <testcase classname="testCases.TC01_registrationTestcase" name="Registration" time="4.348"/>
</testsuite> <!-- testCases.TC01_registrationTestcase -->
