<?xml version="1.0" encoding="UTF-8"?>
<!-- Generated by org.testng.reporters.JUnitReportReporter -->
<testsuite hostname="LAPTOP-P8997V13" failures="0" tests="8" name="testCases.TC03_LoginDDT" time="18.327" errors="0" timestamp="2025-07-23T19:15:50 IST" skipped="0">
  <testcase classname="testCases.TC03_LoginDDT" name="Verify_LoginDDT" time="1.367"/>
  <testcase classname="testCases.TC03_LoginDDT" name="Verify_LoginDDT" time="3.310"/>
  <testcase classname="testCases.TC03_LoginDDT" name="Verify_LoginDDT" time="1.111"/>
  <testcase classname="testCases.TC03_LoginDDT" name="Verify_LoginDDT" time="2.042"/>
  <testcase classname="testCases.TC03_LoginDDT" name="Verify_LoginDDT" time="1.258"/>
  <testcase classname="testCases.TC03_LoginDDT" name="Verify_LoginDDT" time="4.521"/>
  <testcase classname="testCases.TC03_LoginDDT" name="Verify_LoginDDT" time="2.428"/>
  <testcase classname="testCases.TC03_LoginDDT" name="Verify_LoginDDT" time="2.290"/>
</testsuite> <!-- testCases.TC03_LoginDDT -->
